GUM> go a3000000
## Starting application at 0xA3000000 ...
Wiring in swi...
Setting up stack...
Starting user prog...
c_swi_handler.c::c_swi_handler::++
c_swi_handler.c::c_swi_handler::case swi=WRITE
c_swi_handler.c::c_write::++
c_swi_handler.c::c_write::*buf=rot13.c::main++

rot13.c::main++
c_swi_handler.c::c_swi_handler::++
c_swi_handler.c::c_swi_handler::case swi=WRITE
c_swi_handler.c::c_write::++
c_swi_handler.c::c_write::*buf=


c_swi_handler.c::c_swi_handler::++
c_swi_handler.c::c_swi_handler::case swi=WRITE
c_swi_handler.c::c_write::++
c_swi_handler.c::c_write::*buf=rot13.c::main::loop++

rot13.c::main::loop++
c_swi_handler.c::c_swi_handler::++
c_swi_handler.c::c_swi_handler::case swi=WRITE
c_swi_handler.c::c_write::++
c_swi_handler.c::c_write::*buf=


c_swi_handler.c::c_swi_handler::++
c_swi_handler.c::c_swi_handler::case swi=READ
c_swi_handler.c::c_read::++
c_swi_handler.c::c_read::returning EBADF


U-Boot 1.2.0 (May 10 2008 - 21:17:19) - PXA270@400 MHz - 1604

*** Welcome to Gumstix ***


